<?xml version="1.0" encoding="UTF-8"?>
<testsuite xmlns:xsi="http://www.w3.org/2001/XMLSchema-instance" xsi:noNamespaceSchemaLocation="https://maven.apache.org/surefire/maven-surefire-plugin/xsd/surefire-test-report-3.0.xsd" version="3.0" name="TestExec" time="0.007" tests="0" errors="0" skipped="0" failures="0">
  <properties>
    <property name="java.specification.version" value="17"/>
    <property name="sun.cpu.isalist" value="amd64"/>
    <property name="sun.jnu.encoding" value="GBK"/>
    <property name="java.class.path" value="C:\application\gitee\JavaLearning\project\java_oj\target\test-classes;C:\application\gitee\JavaLearning\project\java_oj\target\classes;C:\Users\12109\.m2\repository\mysql\mysql-connector-java\5.1.49\mysql-connector-java-5.1.49.jar;C:\Users\12109\.m2\repository\javax\servlet\javax.servlet-api\3.1.0\javax.servlet-api-3.1.0.jar;C:\Users\12109\.m2\repository\com\fasterxml\jackson\core\jackson-databind\2.13.0\jackson-databind-2.13.0.jar;C:\Users\12109\.m2\repository\com\fasterxml\jackson\core\jackson-annotations\2.13.0\jackson-annotations-2.13.0.jar;C:\Users\12109\.m2\repository\com\fasterxml\jackson\core\jackson-core\2.13.0\jackson-core-2.13.0.jar;"/>
    <property name="java.vm.vendor" value="Oracle Corporation"/>
    <property name="sun.arch.data.model" value="64"/>
    <property name="user.variant" value=""/>
    <property name="java.vendor.url" value="https://java.oracle.com/"/>
    <property name="user.timezone" value="Asia/Shanghai"/>
    <property name="os.name" value="Windows 10"/>
    <property name="java.vm.specification.version" value="17"/>
    <property name="sun.java.launcher" value="SUN_STANDARD"/>
    <property name="user.country" value="CN"/>
    <property name="sun.boot.library.path" value="C:\application\JavaConfiguration\jdk17\bin"/>
    <property name="sun.java.command" value="C:\Users\12109\AppData\Local\Temp\surefire14264122752945556891\surefirebooter-20240514163935208_3.jar C:\Users\12109\AppData\Local\Temp\surefire14264122752945556891 2024-05-14T16-39-29_905-jvmRun1 surefire-20240514163935208_1tmp surefire_0-20240514163935208_2tmp"/>
    <property name="jdk.debug" value="release"/>
    <property name="surefire.test.class.path" value="C:\application\gitee\JavaLearning\project\java_oj\target\test-classes;C:\application\gitee\JavaLearning\project\java_oj\target\classes;C:\Users\12109\.m2\repository\mysql\mysql-connector-java\5.1.49\mysql-connector-java-5.1.49.jar;C:\Users\12109\.m2\repository\javax\servlet\javax.servlet-api\3.1.0\javax.servlet-api-3.1.0.jar;C:\Users\12109\.m2\repository\com\fasterxml\jackson\core\jackson-databind\2.13.0\jackson-databind-2.13.0.jar;C:\Users\12109\.m2\repository\com\fasterxml\jackson\core\jackson-annotations\2.13.0\jackson-annotations-2.13.0.jar;C:\Users\12109\.m2\repository\com\fasterxml\jackson\core\jackson-core\2.13.0\jackson-core-2.13.0.jar;"/>
    <property name="sun.cpu.endian" value="little"/>
    <property name="user.home" value="C:\Users\12109"/>
    <property name="user.language" value="zh"/>
    <property name="java.specification.vendor" value="Oracle Corporation"/>
    <property name="java.version.date" value="2023-04-18"/>
    <property name="java.home" value="C:\application\JavaConfiguration\jdk17"/>
    <property name="file.separator" value="\"/>
    <property name="basedir" value="C:\application\gitee\JavaLearning\project\java_oj"/>
    <property name="java.vm.compressedOopsMode" value="Zero based"/>
    <property name="line.separator" value="&#10;"/>
    <property name="java.vm.specification.vendor" value="Oracle Corporation"/>
    <property name="java.specification.name" value="Java Platform API Specification"/>
    <property name="surefire.real.class.path" value="C:\Users\12109\AppData\Local\Temp\surefire14264122752945556891\surefirebooter-20240514163935208_3.jar"/>
    <property name="user.script" value=""/>
    <property name="sun.management.compiler" value="HotSpot 64-Bit Tiered Compilers"/>
    <property name="java.runtime.version" value="17.0.7+8-LTS-224"/>
    <property name="user.name" value="12109"/>
    <property name="path.separator" value=";"/>
    <property name="os.version" value="10.0"/>
    <property name="java.runtime.name" value="Java(TM) SE Runtime Environment"/>
    <property name="file.encoding" value="GBK"/>
    <property name="java.vm.name" value="Java HotSpot(TM) 64-Bit Server VM"/>
    <property name="localRepository" value="C:\Users\12109\.m2\repository"/>
    <property name="java.vendor.url.bug" value="https://bugreport.java.com/bugreport/"/>
    <property name="java.io.tmpdir" value="C:\Users\12109\AppData\Local\Temp\"/>
    <property name="idea.version" value="2023.2.5"/>
    <property name="java.version" value="17.0.7"/>
    <property name="user.dir" value="C:\application\gitee\JavaLearning\project\java_oj"/>
    <property name="os.arch" value="amd64"/>
    <property name="java.vm.specification.name" value="Java Virtual Machine Specification"/>
    <property name="sun.os.patch.level" value=""/>
    <property name="native.encoding" value="GBK"/>
    <property name="java.library.path" value="C:\application\JavaConfiguration\jdk17\bin;C:\Windows\Sun\Java\bin;C:\Windows\system32;C:\Windows;C:\Program Files (x86)\Common Files\NetSarang;C:\Windows\system32;C:\Windows;C:\Windows\System32\Wbem;C:\Windows\System32\WindowsPowerShell\v1.0\;C:\Windows\System32\OpenSSH\;C:\application\JavaConfiguration\jdk17\bin;C:\application\JavaConfiguration\git\Git\cmd;C:\Program Files\TortoiseGit\bin;C:\Users\12109\AppData\Local\Programs\Python\Python37\Scripts;C:\application\JavaConfiguration\apache-maven-3.8.8-bin\apache-maven-3.8.8\bin;C:\Program Files\nodejs\;C:\Program Files\nodejs\node-global;C:\Users\12109\AppData\Local\Programs\Python\Python37\Scripts\;C:\Users\12109\AppData\Local\Programs\Python\Python37\;C:\Users\12109\AppData\Local\Microsoft\WindowsApps;C:\application\Google\Chrome\Application;C:\application\python\PyCharm 2023.2.5\bin;C:\application\python\PyCharm Community Edition 2023.2.5\bin;C:\application\JavaSoftware\idea2023\IntelliJ IDEA 2023.2.5\bin;C:\Users\12109\AppData\Local\Programs\Fiddler;C:\Users\12109\AppData\Local\Programs\Python\Python37\Scripts;C:\Program Files (x86)\Google\Chrome\Application\;C:\application\JavaSoftware\fiddler;E:\cmake-3.17.0-rc3-win64-x64\cmake-3.17.0-rc3-win64-x64\bin;E:\mingw64x86_64-7.3.0-release-posix-seh-rt_v5-rev0\mingw64\bin;C:\application\VSCode\bin;C:\Users\12109\AppData\Roaming\npm;."/>
    <property name="java.vm.info" value="mixed mode, sharing"/>
    <property name="java.vendor" value="Oracle Corporation"/>
    <property name="java.vm.version" value="17.0.7+8-LTS-224"/>
    <property name="sun.io.unicode.encoding" value="UnicodeLittle"/>
    <property name="java.class.version" value="61.0"/>
  </properties>
</testsuite>